../classes/Saiyan.class
../classes/Human.class
../classes/Halfbreed.class
../classes/Namek.class
../classes/Android.class
../classes/Icer.class
../classes/Bio-Android.class
../classes/Kaio.class
../classes/Demon.class
../classes/Majin.class
../classes/Saiyan-n.class
../classes/Saiyan-h.class
../classes/Saiyan-hb.class
../classes/Saiyan-s.class
../classes/Human-n.class
../classes/Human-hb.class
../classes/Namek-hb.class
../classes/Human-h.class
../classes/Super-Namek.class
../classes/Halfbreed-hb.class
../classes/Halfbreed-s.class
../classes/Halfbreed-n.class
../classes/Halfbreed-h.class
../classes/Namek-h.class
../classes/Namek-s.class
../classes/Human-s.class
../classes/Super-Android.class
../classes/Genie.class
../classes/Android-h.class
../classes/Android-e.class
../classes/Android-fm.class
../classes/Saibaman.class
../classes/Symbiote.class
../classes/Tuffle.class
../classes/Yardratian.class
../classes/Human-g.class
$
