../races/Saiyan.race
../races/Human.race
../races/Halfbreed.race
../races/Namek.race
../races/Android.race
../races/Icer.race
../races/Bio-Android.race
../races/Kaio.race
../races/Demon.race
../races/Majin.race
../races/Saiyan-n.race
../races/Saiyan-h.race
../races/Saiyan-hb.race
../races/Saiyan-s.race
../races/Human-n.race
../races/Human-hb.race
../races/Namek-hb.race
../races/Human-h.race
../races/Super-Namek.race
../races/Halfbreed-hb.race
../races/Halfbreed-s.race
../races/Halfbreed-n.race
../races/Halfbreed-h.race
../races/Namek-h.race
../races/Namek-s.race
../races/Human-s.race
../races/Super-Android.race
../races/Genie.race
../races/Android-h.race
../races/Android-e.race
../races/Android-fm.race
../races/Saibaman.race
../races/Symbiote.race
../races/Tuffle.race
../races/Yardratian.race
../races/Human-g.race
$
